2024-05-04 04:59:56.220223: E external/local_xla/xla/stream_executor/cuda/cuda_dnn.cc:9261] Unable to register cuDNN factory: Attempting to register factory for plugin cuDNN when one has already been registered
2024-05-04 04:59:56.220298: E external/local_xla/xla/stream_executor/cuda/cuda_fft.cc:607] Unable to register cuFFT factory: Attempting to register factory for plugin cuFFT when one has already been registered
2024-05-04 04:59:56.221622: E external/local_xla/xla/stream_executor/cuda/cuda_blas.cc:1515] Unable to register cuBLAS factory: Attempting to register factory for plugin cuBLAS when one has already been registered
2024-05-04 04:59:57.581494: W tensorflow/compiler/tf2tensorrt/utils/py_utils.cc:38] TF-TRT Warning: Could not find TensorRT
/usr/local/lib/python3.10/dist-packages/huggingface_hub/file_download.py:1132: FutureWarning: `resume_download` is deprecated and will be removed in version 1.0.0. Downloads always resume when possible. If you want to force a new download, use `force_download=True`.
  warnings.warn(
Could not find image processor class in the image processor config or the model config. Loading based on pattern matching with the model's feature extractor configuration. Please open a PR/issue to update `preprocessor_config.json` to use `image_processor_type` instead of `feature_extractor_type`. This warning will be removed in v4.40.
/usr/lib/python3.10/subprocess.py:1796: RuntimeWarning: os.fork() was called. os.fork() is incompatible with multithreaded code, and JAX is multithreaded, so this will likely lead to a deadlock.
  self.pid = _posixsubprocess.fork_exec(
Setting default log level to "WARN".
To adjust logging level use sc.setLogLevel(newLevel). For SparkR, use setLogLevel(newLevel).
24/05/04 05:00:15 WARN NativeCodeLoader: Unable to load native-hadoop library for your platform... using builtin-java classes where applicable
24/05/04 05:00:19 WARN Utils: Service 'SparkUI' could not bind on port 4050. Attempting port 4051.
24/05/04 05:00:19 WARN Utils: Service 'SparkUI' could not bind on port 4051. Attempting port 4052.
root
 |-- idx: integer (nullable = true)
 |-- data: array (nullable = true)
 |    |-- element: integer (containsNull = true)
 |-- label: integer (nullable = true)

[Stage 0:>                                                                              (0 + 1) / 1]

                                                                                                    
Batch 1 start 1714798838.7389166
[Stage 2:>                                                                              (0 + 2) / 2]
2024-05-04 05:00:53.662272: E external/local_xla/xla/stream_executor/cuda/cuda_dnn.cc:9261] Unable to register cuDNN factory: Attempting to register factory for plugin cuDNN when one has already been registered
2024-05-04 05:00:53.662343: E external/local_xla/xla/stream_executor/cuda/cuda_fft.cc:607] Unable to register cuFFT factory: Attempting to register factory for plugin cuFFT when one has already been registered
2024-05-04 05:00:53.664093: E external/local_xla/xla/stream_executor/cuda/cuda_blas.cc:1515] Unable to register cuBLAS factory: Attempting to register factory for plugin cuBLAS when one has already been registered
2024-05-04 05:00:53.865031: E external/local_xla/xla/stream_executor/cuda/cuda_dnn.cc:9261] Unable to register cuDNN factory: Attempting to register factory for plugin cuDNN when one has already been registered
2024-05-04 05:00:53.865163: E external/local_xla/xla/stream_executor/cuda/cuda_fft.cc:607] Unable to register cuFFT factory: Attempting to register factory for plugin cuFFT when one has already been registered
2024-05-04 05:00:53.867122: E external/local_xla/xla/stream_executor/cuda/cuda_blas.cc:1515] Unable to register cuBLAS factory: Attempting to register factory for plugin cuBLAS when one has already been registered
2024-05-04 05:00:56.589607: W tensorflow/compiler/tf2tensorrt/utils/py_utils.cc:38] TF-TRT Warning: Could not find TensorRT
2024-05-04 05:00:56.736293: W tensorflow/compiler/tf2tensorrt/utils/py_utils.cc:38] TF-TRT Warning: Could not find TensorRT
[Stage 2:=======================================>                                       (1 + 1) / 2]

                                                                                                    
Batch 1 start 1714798838.7389166 end 1714798863.835802
--------------------------------------------------
Batch 1
--------------------------------------------------
horse : True
dog : True
bird : True
ship : True
ship : True
--------------------------------------------------
--------------------------------------------------


Batch 1 start 1714798838.7389166 end 1714798863.835802
+--------+----------+--------+--------------------------+--------------------------+--------------------------+----+
|batch_id|batch_size|accuracy|triggered                 |start                     |end                       |env |
+--------+----------+--------+--------------------------+--------------------------+--------------------------+----+
|1       |5         |100.0   |2024-05-04 05:00:12.697217|2024-05-04 05:00:38.738916|2024-05-04 05:01:03.835802|cuda|
|2       |10        |0.0     |2024-05-04 05:00:35.276208|-                         |-                         |cuda|
|3       |15        |0.0     |2024-05-04 05:00:54.784746|-                         |-                         |cuda|
+--------+----------+--------+--------------------------+--------------------------+--------------------------+----+

Batch 2 start 1714798869.5016353
[Stage 8:>                                                                              (0 + 2) / 2]

[Stage 8:=======================================>                                       (1 + 1) / 2]

                                                                                                    
Batch 2 start 1714798869.5016353 end 1714798871.9529598
--------------------------------------------------
Batch 2
--------------------------------------------------
truck : True
frog : True
ship : True
truck : True
horse : True
truck : True
deer : True
horse : True
frog : True
bird : True
--------------------------------------------------
--------------------------------------------------


Batch 2 start 1714798869.5016353 end 1714798871.9529598
+--------+----------+--------+--------------------------+--------------------------+--------------------------+----+
|batch_id|batch_size|accuracy|triggered                 |start                     |end                       |env |
+--------+----------+--------+--------------------------+--------------------------+--------------------------+----+
|1       |5         |100.0   |2024-05-04 05:00:12.697217|2024-05-04 05:00:38.738916|2024-05-04 05:01:03.835802|cuda|
|2       |10        |100.0   |2024-05-04 05:00:35.276208|2024-05-04 05:01:09.501635|2024-05-04 05:01:11.952959|cuda|
|3       |15        |0.0     |2024-05-04 05:00:54.784746|-                         |-                         |cuda|
|4       |20        |0.0     |2024-05-04 05:01:04.841058|-                         |-                         |cuda|
+--------+----------+--------+--------------------------+--------------------------+--------------------------+----+

Batch 3 start 1714798875.8403735
[Stage 14:>                                                                             (0 + 2) / 2]

[Stage 14:=======================================>                                      (1 + 1) / 2]

                                                                                                    
Batch 3 start 1714798875.8403735 end 1714798879.6154363
--------------------------------------------------
Batch 3
--------------------------------------------------
frog : True
frog : True
frog : True
horse : True
truck : True
ship : True
dog : True
automobile : True
automobile : True
deer : True
ship : True
truck : True
cat : True
horse : True
bird : True
--------------------------------------------------
--------------------------------------------------


Batch 3 start 1714798875.8403735 end 1714798879.6154363
+--------+----------+--------+--------------------------+--------------------------+--------------------------+----+
|batch_id|batch_size|accuracy|triggered                 |start                     |end                       |env |
+--------+----------+--------+--------------------------+--------------------------+--------------------------+----+
|1       |5         |100.0   |2024-05-04 05:00:12.697217|2024-05-04 05:00:38.738916|2024-05-04 05:01:03.835802|cuda|
|2       |10        |100.0   |2024-05-04 05:00:35.276208|2024-05-04 05:01:09.501635|2024-05-04 05:01:11.952959|cuda|
|3       |15        |100.0   |2024-05-04 05:00:54.784746|2024-05-04 05:01:15.840373|2024-05-04 05:01:19.615436|cuda|
|4       |20        |0.0     |2024-05-04 05:01:04.841058|-                         |-                         |cuda|
|5       |25        |0.0     |2024-05-04 05:01:15.498942|-                         |-                         |cuda|
+--------+----------+--------+--------------------------+--------------------------+--------------------------+----+

Batch 4 start 1714798881.1500227
[Stage 20:>                                                                             (0 + 2) / 2]

[Stage 20:=======================================>                                      (1 + 1) / 2]

                                                                                                    
Batch 4 start 1714798881.1500227 end 1714798883.412944
--------------------------------------------------
Batch 4
--------------------------------------------------
deer : True
automobile : True
ship : True
ship : True
deer : True
deer : True
truck : True
deer : True
deer : True
deer : True
bird : True
dog : True
truck : True
bird : True
cat : True
ship : True
cat : True
horse : True
bird : True
ship : True
--------------------------------------------------
--------------------------------------------------


Batch 4 start 1714798881.1500227 end 1714798883.412944
+--------+----------+--------+--------------------------+--------------------------+--------------------------+----+
|batch_id|batch_size|accuracy|triggered                 |start                     |end                       |env |
+--------+----------+--------+--------------------------+--------------------------+--------------------------+----+
|1       |5         |100.0   |2024-05-04 05:00:12.697217|2024-05-04 05:00:38.738916|2024-05-04 05:01:03.835802|cuda|
|2       |10        |100.0   |2024-05-04 05:00:35.276208|2024-05-04 05:01:09.501635|2024-05-04 05:01:11.952959|cuda|
|3       |15        |100.0   |2024-05-04 05:00:54.784746|2024-05-04 05:01:15.840373|2024-05-04 05:01:19.615436|cuda|
|4       |20        |100.0   |2024-05-04 05:01:04.841058|2024-05-04 05:01:21.150022|2024-05-04 05:01:23.412944|cuda|
|5       |25        |0.0     |2024-05-04 05:01:15.498942|-                         |-                         |cuda|
+--------+----------+--------+--------------------------+--------------------------+--------------------------+----+

Batch 5 start 1714798884.7055528
[Stage 26:>                                                                             (0 + 2) / 2]

[Stage 26:=======================================>                                      (1 + 1) / 2]

                                                                                                    
Batch 5 start 1714798884.7055528 end 1714798889.2059257
--------------------------------------------------
Batch 5
--------------------------------------------------
horse : True
ship : True
cat : True
airplane : True
frog : True
cat : True
frog : True
deer : True
dog : True
bird : True
automobile : True
automobile : True
truck : True
bird : True
truck : True
frog : True
deer : True
horse : True
truck : True
deer : True
cat : True
airplane : True
deer : True
deer : True
automobile : True
--------------------------------------------------
--------------------------------------------------


Batch 5 start 1714798884.7055528 end 1714798889.2059257
+--------+----------+--------+--------------------------+--------------------------+--------------------------+----+
|batch_id|batch_size|accuracy|triggered                 |start                     |end                       |env |
+--------+----------+--------+--------------------------+--------------------------+--------------------------+----+
|1       |5         |100.0   |2024-05-04 05:00:12.697217|2024-05-04 05:00:38.738916|2024-05-04 05:01:03.835802|cuda|
|2       |10        |100.0   |2024-05-04 05:00:35.276208|2024-05-04 05:01:09.501635|2024-05-04 05:01:11.952959|cuda|
|3       |15        |100.0   |2024-05-04 05:00:54.784746|2024-05-04 05:01:15.840373|2024-05-04 05:01:19.615436|cuda|
|4       |20        |100.0   |2024-05-04 05:01:04.841058|2024-05-04 05:01:21.150022|2024-05-04 05:01:23.412944|cuda|
|5       |25        |100.0   |2024-05-04 05:01:15.498942|2024-05-04 05:01:24.705552|2024-05-04 05:01:29.205925|cuda|
+--------+----------+--------+--------------------------+--------------------------+--------------------------+----+

Batch 6 start 1714798892.3804905
[Stage 32:>                                                                             (0 + 2) / 2]

                                                                                                    
Batch 6 start 1714798892.3804905 end 1714798894.3475013
--------------------------------------------------
Batch 6
--------------------------------------------------
deer : True
airplane : True
automobile : True
deer : True
automobile : True
horse : True
automobile : True
dog : True
airplane : True
automobile : True
airplane : True
bird : True
automobile : True
ship : True
ship : True
automobile : True
bird : True
ship : True
automobile : True
cat : True
cat : True
frog : True
truck : True
airplane : True
deer : True
horse : True
bird : True
dog : True
ship : True
ship : True
--------------------------------------------------
--------------------------------------------------


Batch 6 start 1714798892.3804905 end 1714798894.3475013
+--------+----------+--------+--------------------------+--------------------------+--------------------------+----+
|batch_id|batch_size|accuracy|triggered                 |start                     |end                       |env |
+--------+----------+--------+--------------------------+--------------------------+--------------------------+----+
|1       |5         |100.0   |2024-05-04 05:00:12.697217|2024-05-04 05:00:38.738916|2024-05-04 05:01:03.835802|cuda|
|2       |10        |100.0   |2024-05-04 05:00:35.276208|2024-05-04 05:01:09.501635|2024-05-04 05:01:11.952959|cuda|
|3       |15        |100.0   |2024-05-04 05:00:54.784746|2024-05-04 05:01:15.840373|2024-05-04 05:01:19.615436|cuda|
|4       |20        |100.0   |2024-05-04 05:01:04.841058|2024-05-04 05:01:21.150022|2024-05-04 05:01:23.412944|cuda|
|5       |25        |100.0   |2024-05-04 05:01:15.498942|2024-05-04 05:01:24.705552|2024-05-04 05:01:29.205925|cuda|
|6       |30        |100.0   |2024-05-04 05:01:25.549972|2024-05-04 05:01:32.38049 |2024-05-04 05:01:34.347501|cuda|
+--------+----------+--------+--------------------------+--------------------------+--------------------------+----+

Batch 7 start 1714798901.2964408
[Stage 38:>                                                                             (0 + 2) / 2]

[Stage 38:=======================================>                                      (1 + 1) / 2]

                                                                                                    
Batch 7 start 1714798901.2964408 end 1714798903.6843362
--------------------------------------------------
Batch 7
--------------------------------------------------
ship : True
deer : True
dog : True
cat : True
bird : True
cat : True
bird : True
automobile : True
frog : True
horse : True
horse : True
ship : True
horse : True
frog : True
bird : True
bird : True
deer : True
automobile : True
dog : True
automobile : True
frog : True
truck : True
frog : True
airplane : True
automobile : True
dog : True
cat : True
automobile : True
ship : True
frog : True
airplane : True
cat : True
dog : True
frog : True
deer : True
--------------------------------------------------
--------------------------------------------------


Batch 7 start 1714798901.2964408 end 1714798903.6843362
+--------+----------+--------+--------------------------+--------------------------+--------------------------+----+
|batch_id|batch_size|accuracy|triggered                 |start                     |end                       |env |
+--------+----------+--------+--------------------------+--------------------------+--------------------------+----+
|1       |5         |100.0   |2024-05-04 05:00:12.697217|2024-05-04 05:00:38.738916|2024-05-04 05:01:03.835802|cuda|
|2       |10        |100.0   |2024-05-04 05:00:35.276208|2024-05-04 05:01:09.501635|2024-05-04 05:01:11.952959|cuda|
|3       |15        |100.0   |2024-05-04 05:00:54.784746|2024-05-04 05:01:15.840373|2024-05-04 05:01:19.615436|cuda|
|4       |20        |100.0   |2024-05-04 05:01:04.841058|2024-05-04 05:01:21.150022|2024-05-04 05:01:23.412944|cuda|
|5       |25        |100.0   |2024-05-04 05:01:15.498942|2024-05-04 05:01:24.705552|2024-05-04 05:01:29.205925|cuda|
|6       |30        |100.0   |2024-05-04 05:01:25.549972|2024-05-04 05:01:32.38049 |2024-05-04 05:01:34.347501|cuda|
|7       |35        |100.0   |2024-05-04 05:01:37.537609|2024-05-04 05:01:41.29644 |2024-05-04 05:01:43.684336|cuda|
+--------+----------+--------+--------------------------+--------------------------+--------------------------+----+

Batch 8 start 1714798909.5156355
[Stage 44:>                                                                             (0 + 2) / 2]

[Stage 44:=======================================>                                      (1 + 1) / 2]

                                                                                                    
Batch 8 start 1714798909.5156355 end 1714798911.5646188
--------------------------------------------------
Batch 8
--------------------------------------------------
airplane : True
dog : True
cat : False
bird : True
truck : True
truck : True
frog : True
automobile : True
cat : True
horse : True
horse : True
truck : True
cat : True
cat : True
dog : True
bird : True
airplane : True
frog : True
truck : True
truck : True
truck : True
dog : True
bird : True
automobile : True
bird : True
dog : True
deer : True
frog : True
truck : True
ship : True
frog : True
airplane : True
bird : True
automobile : True
ship : True
frog : True
airplane : True
truck : True
airplane : True
deer : True
--------------------------------------------------
--------------------------------------------------


Batch 8 start 1714798909.5156355 end 1714798911.5646188
+--------+----------+--------+--------------------------+--------------------------+--------------------------+----+
|batch_id|batch_size|accuracy|triggered                 |start                     |end                       |env |
+--------+----------+--------+--------------------------+--------------------------+--------------------------+----+
|1       |5         |100.0   |2024-05-04 05:00:12.697217|2024-05-04 05:00:38.738916|2024-05-04 05:01:03.835802|cuda|
|2       |10        |100.0   |2024-05-04 05:00:35.276208|2024-05-04 05:01:09.501635|2024-05-04 05:01:11.952959|cuda|
|3       |15        |100.0   |2024-05-04 05:00:54.784746|2024-05-04 05:01:15.840373|2024-05-04 05:01:19.615436|cuda|
|4       |20        |100.0   |2024-05-04 05:01:04.841058|2024-05-04 05:01:21.150022|2024-05-04 05:01:23.412944|cuda|
|5       |25        |100.0   |2024-05-04 05:01:15.498942|2024-05-04 05:01:24.705552|2024-05-04 05:01:29.205925|cuda|
|6       |30        |100.0   |2024-05-04 05:01:25.549972|2024-05-04 05:01:32.38049 |2024-05-04 05:01:34.347501|cuda|
|7       |35        |100.0   |2024-05-04 05:01:37.537609|2024-05-04 05:01:41.29644 |2024-05-04 05:01:43.684336|cuda|
|8       |40        |97.5    |2024-05-04 05:01:46.117738|2024-05-04 05:01:49.515635|2024-05-04 05:01:51.564618|cuda|
+--------+----------+--------+--------------------------+--------------------------+--------------------------+----+

Batch 9 start 1714798918.1287003
[Stage 50:>                                                                             (0 + 2) / 2]

[Stage 50:=======================================>                                      (1 + 1) / 2]

                                                                                                    
Batch 9 start 1714798918.1287003 end 1714798920.434537
--------------------------------------------------
Batch 9
--------------------------------------------------
frog : True
ship : True
frog : True
truck : True
bird : True
deer : True
automobile : True
frog : True
cat : True
truck : True
ship : True
bird : False
automobile : True
ship : True
deer : True
airplane : True
ship : True
deer : True
airplane : True
ship : True
automobile : True
deer : True
airplane : True
horse : True
bird : True
automobile : True
automobile : True
ship : True
deer : True
horse : True
truck : True
automobile : True
airplane : True
deer : True
truck : True
airplane : True
cat : True
cat : True
bird : True
ship : True
horse : True
ship : True
automobile : True
cat : True
truck : True
--------------------------------------------------
--------------------------------------------------


Batch 9 start 1714798918.1287003 end 1714798920.434537
+--------+----------+--------+--------------------------+--------------------------+--------------------------+----+
|batch_id|batch_size|accuracy|triggered                 |start                     |end                       |env |
+--------+----------+--------+--------------------------+--------------------------+--------------------------+----+
|1       |5         |100.0   |2024-05-04 05:00:12.697217|2024-05-04 05:00:38.738916|2024-05-04 05:01:03.835802|cuda|
|2       |10        |100.0   |2024-05-04 05:00:35.276208|2024-05-04 05:01:09.501635|2024-05-04 05:01:11.952959|cuda|
|3       |15        |100.0   |2024-05-04 05:00:54.784746|2024-05-04 05:01:15.840373|2024-05-04 05:01:19.615436|cuda|
|4       |20        |100.0   |2024-05-04 05:01:04.841058|2024-05-04 05:01:21.150022|2024-05-04 05:01:23.412944|cuda|
|5       |25        |100.0   |2024-05-04 05:01:15.498942|2024-05-04 05:01:24.705552|2024-05-04 05:01:29.205925|cuda|
|6       |30        |100.0   |2024-05-04 05:01:25.549972|2024-05-04 05:01:32.38049 |2024-05-04 05:01:34.347501|cuda|
|7       |35        |100.0   |2024-05-04 05:01:37.537609|2024-05-04 05:01:41.29644 |2024-05-04 05:01:43.684336|cuda|
|8       |40        |97.5    |2024-05-04 05:01:46.117738|2024-05-04 05:01:49.515635|2024-05-04 05:01:51.564618|cuda|
|9       |45        |97.778  |2024-05-04 05:01:54.835015|2024-05-04 05:01:58.1287  |2024-05-04 05:02:00.434537|cuda|
+--------+----------+--------+--------------------------+--------------------------+--------------------------+----+

Batch 10 start 1714798926.1935997
[Stage 56:>                                                                             (0 + 2) / 2]

[Stage 56:=======================================>                                      (1 + 1) / 2]

                                                                                                    
Batch 10 start 1714798926.1935997 end 1714798929.012139
--------------------------------------------------
Batch 10
--------------------------------------------------
bird : True
frog : True
dog : True
horse : True
automobile : True
deer : True
horse : True
truck : True
frog : True
cat : True
horse : True
horse : True
horse : True
horse : False
horse : True
frog : True
ship : True
frog : True
ship : True
deer : True
bird : True
horse : True
deer : True
truck : True
deer : True
frog : True
cat : True
frog : True
automobile : True
deer : True
bird : True
bird : True
ship : True
horse : True
frog : True
cat : True
frog : True
cat : True
frog : True
frog : True
bird : True
deer : True
truck : True
airplane : True
cat : True
frog : True
bird : True
cat : True
airplane : True
cat : True
--------------------------------------------------
--------------------------------------------------


Batch 10 start 1714798926.1935997 end 1714798929.012139
+--------+----------+--------+--------------------------+--------------------------+--------------------------+----+
|batch_id|batch_size|accuracy|triggered                 |start                     |end                       |env |
+--------+----------+--------+--------------------------+--------------------------+--------------------------+----+
|1       |5         |100.0   |2024-05-04 05:00:12.697217|2024-05-04 05:00:38.738916|2024-05-04 05:01:03.835802|cuda|
|2       |10        |100.0   |2024-05-04 05:00:35.276208|2024-05-04 05:01:09.501635|2024-05-04 05:01:11.952959|cuda|
|3       |15        |100.0   |2024-05-04 05:00:54.784746|2024-05-04 05:01:15.840373|2024-05-04 05:01:19.615436|cuda|
|4       |20        |100.0   |2024-05-04 05:01:04.841058|2024-05-04 05:01:21.150022|2024-05-04 05:01:23.412944|cuda|
|5       |25        |100.0   |2024-05-04 05:01:15.498942|2024-05-04 05:01:24.705552|2024-05-04 05:01:29.205925|cuda|
|6       |30        |100.0   |2024-05-04 05:01:25.549972|2024-05-04 05:01:32.38049 |2024-05-04 05:01:34.347501|cuda|
|7       |35        |100.0   |2024-05-04 05:01:37.537609|2024-05-04 05:01:41.29644 |2024-05-04 05:01:43.684336|cuda|
|8       |40        |97.5    |2024-05-04 05:01:46.117738|2024-05-04 05:01:49.515635|2024-05-04 05:01:51.564618|cuda|
|9       |45        |97.778  |2024-05-04 05:01:54.835015|2024-05-04 05:01:58.1287  |2024-05-04 05:02:00.434537|cuda|
|10      |50        |98.0    |2024-05-04 05:02:03.241708|2024-05-04 05:02:06.193599|2024-05-04 05:02:09.012139|cuda|
+--------+----------+--------+--------------------------+--------------------------+--------------------------+----+

Batch 10 start 1714798934.9679852
[Stage 62:>                                                                             (0 + 2) / 2]

[Stage 62:=======================================>                                      (1 + 1) / 2]

                                                                                                    
Batch 10 start 1714798934.9679852 end 1714798937.2874072
--------------------------------------------------
Batch 10
--------------------------------------------------
cat : True
dog : True
airplane : True
horse : True
bird : True
dog : True
truck : True
frog : True
automobile : True
ship : True
horse : True
frog : True
airplane : True
bird : True
ship : True
horse : True
airplane : True
truck : True
dog : True
horse : True
ship : True
cat : True
ship : True
ship : True
automobile : True
cat : True
horse : True
deer : True
bird : True
automobile : True
airplane : True
automobile : True
truck : True
automobile : True
cat : True
ship : True
cat : True
automobile : True
automobile : True
dog : True
deer : True
truck : True
ship : True
cat : True
deer : True
truck : True
horse : True
truck : True
ship : True
frog : True
automobile : True
cat : True
deer : True
frog : True
deer : True
--------------------------------------------------
--------------------------------------------------


Batch 10 start 1714798934.9679852 end 1714798937.2874072
+--------+----------+--------+--------------------------+--------------------------+--------------------------+----+
|batch_id|batch_size|accuracy|triggered                 |start                     |end                       |env |
+--------+----------+--------+--------------------------+--------------------------+--------------------------+----+
|1       |5         |100.0   |2024-05-04 05:00:12.697217|2024-05-04 05:00:38.738916|2024-05-04 05:01:03.835802|cuda|
|2       |10        |100.0   |2024-05-04 05:00:35.276208|2024-05-04 05:01:09.501635|2024-05-04 05:01:11.952959|cuda|
|3       |15        |100.0   |2024-05-04 05:00:54.784746|2024-05-04 05:01:15.840373|2024-05-04 05:01:19.615436|cuda|
|4       |20        |100.0   |2024-05-04 05:01:04.841058|2024-05-04 05:01:21.150022|2024-05-04 05:01:23.412944|cuda|
|5       |25        |100.0   |2024-05-04 05:01:15.498942|2024-05-04 05:01:24.705552|2024-05-04 05:01:29.205925|cuda|
|6       |30        |100.0   |2024-05-04 05:01:25.549972|2024-05-04 05:01:32.38049 |2024-05-04 05:01:34.347501|cuda|
|7       |35        |100.0   |2024-05-04 05:01:37.537609|2024-05-04 05:01:41.29644 |2024-05-04 05:01:43.684336|cuda|
|8       |40        |97.5    |2024-05-04 05:01:46.117738|2024-05-04 05:01:49.515635|2024-05-04 05:01:51.564618|cuda|
|9       |45        |97.778  |2024-05-04 05:01:54.835015|2024-05-04 05:01:58.1287  |2024-05-04 05:02:00.434537|cuda|
|10      |50        |100.0   |2024-05-04 05:02:03.241708|2024-05-04 05:02:14.967985|2024-05-04 05:02:17.287407|cuda|
|11      |55        |0.0     |2024-05-04 05:02:11.212488|-                         |-                         |cuda|
+--------+----------+--------+--------------------------+--------------------------+--------------------------+----+

Batch 12 start 1714798942.983235
[Stage 68:>                                                                             (0 + 2) / 2]

[Stage 68:=======================================>                                      (1 + 1) / 2]

                                                                                                    
Batch 12 start 1714798942.983235 end 1714798945.1061356
--------------------------------------------------
Batch 12
--------------------------------------------------
automobile : True
airplane : True
frog : True
dog : True
truck : True
dog : True
frog : True
ship : True
dog : True
automobile : True
deer : True
automobile : True
truck : True
automobile : True
ship : True
cat : True
bird : True
ship : True
cat : True
bird : True
truck : True
dog : True
truck : True
ship : True
ship : True
frog : True
ship : True
truck : True
automobile : True
automobile : True
airplane : True
deer : True
cat : True
cat : True
cat : True
ship : True
deer : True
cat : True
automobile : True
ship : True
bird : True
frog : True
truck : True
cat : False
airplane : True
ship : True
truck : True
deer : True
automobile : True
bird : True
deer : True
automobile : True
cat : True
dog : True
frog : True
ship : True
frog : True
automobile : True
cat : True
cat : True
--------------------------------------------------
--------------------------------------------------


Batch 12 start 1714798942.983235 end 1714798945.1061356
+--------+----------+--------+--------------------------+--------------------------+--------------------------+----+
|batch_id|batch_size|accuracy|triggered                 |start                     |end                       |env |
+--------+----------+--------+--------------------------+--------------------------+--------------------------+----+
|1       |5         |100.0   |2024-05-04 05:00:12.697217|2024-05-04 05:00:38.738916|2024-05-04 05:01:03.835802|cuda|
|2       |10        |100.0   |2024-05-04 05:00:35.276208|2024-05-04 05:01:09.501635|2024-05-04 05:01:11.952959|cuda|
|3       |15        |100.0   |2024-05-04 05:00:54.784746|2024-05-04 05:01:15.840373|2024-05-04 05:01:19.615436|cuda|
|4       |20        |100.0   |2024-05-04 05:01:04.841058|2024-05-04 05:01:21.150022|2024-05-04 05:01:23.412944|cuda|
|5       |25        |100.0   |2024-05-04 05:01:15.498942|2024-05-04 05:01:24.705552|2024-05-04 05:01:29.205925|cuda|
|6       |30        |100.0   |2024-05-04 05:01:25.549972|2024-05-04 05:01:32.38049 |2024-05-04 05:01:34.347501|cuda|
|7       |35        |100.0   |2024-05-04 05:01:37.537609|2024-05-04 05:01:41.29644 |2024-05-04 05:01:43.684336|cuda|
|8       |40        |97.5    |2024-05-04 05:01:46.117738|2024-05-04 05:01:49.515635|2024-05-04 05:01:51.564618|cuda|
|9       |45        |97.778  |2024-05-04 05:01:54.835015|2024-05-04 05:01:58.1287  |2024-05-04 05:02:00.434537|cuda|
|10      |50        |100.0   |2024-05-04 05:02:03.241708|2024-05-04 05:02:14.967985|2024-05-04 05:02:17.287407|cuda|
|11      |55        |0.0     |2024-05-04 05:02:11.212488|-                         |-                         |cuda|
|12      |60        |98.333  |2024-05-04 05:02:20.269926|2024-05-04 05:02:22.983235|2024-05-04 05:02:25.106135|cuda|
+--------+----------+--------+--------------------------+--------------------------+--------------------------+----+

Batch 13 start 1714798951.3242393
[Stage 74:>                                                                             (0 + 2) / 2]

                                                                                                    
Batch 13 start 1714798951.3242393 end 1714798955.3103263
--------------------------------------------------
Batch 13
--------------------------------------------------
automobile : True
deer : True
frog : True
frog : True
horse : True
truck : True
horse : True
automobile : True
deer : True
deer : True
truck : True
bird : True
automobile : True
cat : True
cat : True
dog : True
truck : True
truck : True
deer : True
cat : True
ship : True
automobile : True
bird : True
truck : True
dog : True
cat : True
airplane : True
dog : True
cat : True
bird : True
bird : True
bird : True
frog : True
cat : True
truck : True
horse : True
automobile : True
airplane : True
truck : True
truck : True
cat : True
bird : True
horse : True
bird : True
truck : True
frog : True
truck : True
cat : True
ship : True
automobile : True
deer : True
automobile : True
ship : True
cat : True
horse : True
horse : True
airplane : True
bird : True
automobile : True
bird : True
horse : True
ship : True
cat : True
horse : True
ship : True
--------------------------------------------------
--------------------------------------------------


Batch 13 start 1714798951.3242393 end 1714798955.3103263
+--------+----------+--------+--------------------------+--------------------------+--------------------------+----+
|batch_id|batch_size|accuracy|triggered                 |start                     |end                       |env |
+--------+----------+--------+--------------------------+--------------------------+--------------------------+----+
|1       |5         |100.0   |2024-05-04 05:00:12.697217|2024-05-04 05:00:38.738916|2024-05-04 05:01:03.835802|cuda|
|2       |10        |100.0   |2024-05-04 05:00:35.276208|2024-05-04 05:01:09.501635|2024-05-04 05:01:11.952959|cuda|
|3       |15        |100.0   |2024-05-04 05:00:54.784746|2024-05-04 05:01:15.840373|2024-05-04 05:01:19.615436|cuda|
|4       |20        |100.0   |2024-05-04 05:01:04.841058|2024-05-04 05:01:21.150022|2024-05-04 05:01:23.412944|cuda|
|5       |25        |100.0   |2024-05-04 05:01:15.498942|2024-05-04 05:01:24.705552|2024-05-04 05:01:29.205925|cuda|
|6       |30        |100.0   |2024-05-04 05:01:25.549972|2024-05-04 05:01:32.38049 |2024-05-04 05:01:34.347501|cuda|
|7       |35        |100.0   |2024-05-04 05:01:37.537609|2024-05-04 05:01:41.29644 |2024-05-04 05:01:43.684336|cuda|
|8       |40        |97.5    |2024-05-04 05:01:46.117738|2024-05-04 05:01:49.515635|2024-05-04 05:01:51.564618|cuda|
|9       |45        |97.778  |2024-05-04 05:01:54.835015|2024-05-04 05:01:58.1287  |2024-05-04 05:02:00.434537|cuda|
|10      |50        |100.0   |2024-05-04 05:02:03.241708|2024-05-04 05:02:14.967985|2024-05-04 05:02:17.287407|cuda|
|11      |55        |0.0     |2024-05-04 05:02:11.212488|-                         |-                         |cuda|
|12      |60        |98.333  |2024-05-04 05:02:20.269926|2024-05-04 05:02:22.983235|2024-05-04 05:02:25.106135|cuda|
|13      |65        |100.0   |2024-05-04 05:02:28.073424|2024-05-04 05:02:31.324239|2024-05-04 05:02:35.310326|cuda|
+--------+----------+--------+--------------------------+--------------------------+--------------------------+----+

Batch 14 start 1714798959.11279
[Stage 80:>                                                                             (0 + 2) / 2]

                                                                                                    
Batch 14 start 1714798959.11279 end 1714798961.2861328
--------------------------------------------------
Batch 14
--------------------------------------------------
dog : True
airplane : True
deer : True
horse : True
airplane : True
dog : True
horse : True
frog : True
airplane : True
cat : True
dog : True
dog : True
automobile : True
airplane : True
deer : True
bird : False
dog : True
automobile : True
horse : True
horse : True
airplane : True
ship : True
truck : True
dog : True
cat : True
ship : True
frog : True
horse : True
truck : True
ship : True
ship : True
bird : True
horse : True
deer : True
ship : True
automobile : True
frog : True
deer : True
ship : True
airplane : True
horse : True
deer : True
deer : True
ship : True
deer : True
automobile : True
ship : True
automobile : True
frog : True
frog : True
truck : True
ship : True
horse : True
cat : True
dog : True
bird : True
frog : True
truck : True
automobile : True
automobile : True
cat : True
horse : True
deer : True
bird : True
truck : True
truck : True
frog : True
ship : True
deer : True
cat : True
--------------------------------------------------
--------------------------------------------------


Batch 14 start 1714798959.11279 end 1714798961.2861328
+--------+----------+--------+--------------------------+--------------------------+--------------------------+----+
|batch_id|batch_size|accuracy|triggered                 |start                     |end                       |env |
+--------+----------+--------+--------------------------+--------------------------+--------------------------+----+
|1       |5         |100.0   |2024-05-04 05:00:12.697217|2024-05-04 05:00:38.738916|2024-05-04 05:01:03.835802|cuda|
|2       |10        |100.0   |2024-05-04 05:00:35.276208|2024-05-04 05:01:09.501635|2024-05-04 05:01:11.952959|cuda|
|3       |15        |100.0   |2024-05-04 05:00:54.784746|2024-05-04 05:01:15.840373|2024-05-04 05:01:19.615436|cuda|
|4       |20        |100.0   |2024-05-04 05:01:04.841058|2024-05-04 05:01:21.150022|2024-05-04 05:01:23.412944|cuda|
|5       |25        |100.0   |2024-05-04 05:01:15.498942|2024-05-04 05:01:24.705552|2024-05-04 05:01:29.205925|cuda|
|6       |30        |100.0   |2024-05-04 05:01:25.549972|2024-05-04 05:01:32.38049 |2024-05-04 05:01:34.347501|cuda|
|7       |35        |100.0   |2024-05-04 05:01:37.537609|2024-05-04 05:01:41.29644 |2024-05-04 05:01:43.684336|cuda|
|8       |40        |97.5    |2024-05-04 05:01:46.117738|2024-05-04 05:01:49.515635|2024-05-04 05:01:51.564618|cuda|
|9       |45        |97.778  |2024-05-04 05:01:54.835015|2024-05-04 05:01:58.1287  |2024-05-04 05:02:00.434537|cuda|
|10      |50        |100.0   |2024-05-04 05:02:03.241708|2024-05-04 05:02:14.967985|2024-05-04 05:02:17.287407|cuda|
|11      |55        |0.0     |2024-05-04 05:02:11.212488|-                         |-                         |cuda|
|12      |60        |98.333  |2024-05-04 05:02:20.269926|2024-05-04 05:02:22.983235|2024-05-04 05:02:25.106135|cuda|
|13      |65        |100.0   |2024-05-04 05:02:28.073424|2024-05-04 05:02:31.324239|2024-05-04 05:02:35.310326|cuda|
|14      |70        |98.571  |2024-05-04 05:02:36.479608|2024-05-04 05:02:39.11279 |2024-05-04 05:02:41.286132|cuda|
+--------+----------+--------+--------------------------+--------------------------+--------------------------+----+

Batch 15 start 1714798968.000075
[Stage 86:>                                                                             (0 + 2) / 2]

[Stage 86:==============================================================================(2 + 0) / 2]

                                                                                                    
Batch 15 start 1714798968.000075 end 1714798970.1921077
--------------------------------------------------
Batch 15
--------------------------------------------------
airplane : True
truck : True
airplane : True
frog : True
truck : True
deer : True
ship : True
automobile : True
airplane : True
airplane : True
ship : True
horse : True
ship : True
truck : True
bird : True
dog : True
cat : True
airplane : True
automobile : True
automobile : True
frog : True
cat : True
horse : True
horse : True
dog : True
ship : True
automobile : True
dog : True
cat : True
frog : True
deer : True
ship : True
frog : True
dog : True
cat : True
cat : True
ship : True
automobile : True
ship : True
automobile : True
automobile : True
ship : True
airplane : True
airplane : True
deer : True
ship : True
deer : True
automobile : True
airplane : True
truck : True
dog : True
dog : True
cat : True
cat : True
dog : True
airplane : True
horse : False
cat : True
bird : True
dog : True
ship : True
airplane : True
automobile : True
dog : True
automobile : True
frog : True
bird : True
dog : True
bird : True
truck : True
dog : True
deer : True
ship : True
cat : True
truck : True
--------------------------------------------------
--------------------------------------------------


Batch 15 start 1714798968.000075 end 1714798970.1921077
+--------+----------+--------+--------------------------+--------------------------+--------------------------+----+
|batch_id|batch_size|accuracy|triggered                 |start                     |end                       |env |
+--------+----------+--------+--------------------------+--------------------------+--------------------------+----+
|1       |5         |100.0   |2024-05-04 05:00:12.697217|2024-05-04 05:00:38.738916|2024-05-04 05:01:03.835802|cuda|
|2       |10        |100.0   |2024-05-04 05:00:35.276208|2024-05-04 05:01:09.501635|2024-05-04 05:01:11.952959|cuda|
|3       |15        |100.0   |2024-05-04 05:00:54.784746|2024-05-04 05:01:15.840373|2024-05-04 05:01:19.615436|cuda|
|4       |20        |100.0   |2024-05-04 05:01:04.841058|2024-05-04 05:01:21.150022|2024-05-04 05:01:23.412944|cuda|
|5       |25        |100.0   |2024-05-04 05:01:15.498942|2024-05-04 05:01:24.705552|2024-05-04 05:01:29.205925|cuda|
|6       |30        |100.0   |2024-05-04 05:01:25.549972|2024-05-04 05:01:32.38049 |2024-05-04 05:01:34.347501|cuda|
|7       |35        |100.0   |2024-05-04 05:01:37.537609|2024-05-04 05:01:41.29644 |2024-05-04 05:01:43.684336|cuda|
|8       |40        |97.5    |2024-05-04 05:01:46.117738|2024-05-04 05:01:49.515635|2024-05-04 05:01:51.564618|cuda|
|9       |45        |97.778  |2024-05-04 05:01:54.835015|2024-05-04 05:01:58.1287  |2024-05-04 05:02:00.434537|cuda|
|10      |50        |100.0   |2024-05-04 05:02:03.241708|2024-05-04 05:02:14.967985|2024-05-04 05:02:17.287407|cuda|
|11      |55        |0.0     |2024-05-04 05:02:11.212488|-                         |-                         |cuda|
|12      |60        |98.333  |2024-05-04 05:02:20.269926|2024-05-04 05:02:22.983235|2024-05-04 05:02:25.106135|cuda|
|13      |65        |100.0   |2024-05-04 05:02:28.073424|2024-05-04 05:02:31.324239|2024-05-04 05:02:35.310326|cuda|
|14      |70        |98.571  |2024-05-04 05:02:36.479608|2024-05-04 05:02:39.11279 |2024-05-04 05:02:41.286132|cuda|
|15      |75        |98.667  |2024-05-04 05:02:44.185632|2024-05-04 05:02:48.000075|2024-05-04 05:02:50.192107|cuda|
+--------+----------+--------+--------------------------+--------------------------+--------------------------+----+

Batch 15 start 1714798975.7572083